2016-12-03 12:57:38,112 - [INFO] - from org.deeplearning4j.models.embeddings.loader.WordVectorSerializer in Timer-0
                
Word2Vec conf. JSON: {"batchSize":100,"elementsLearningAlgorithm":null,"epochs":1,"hugeModelExpected":false,"iterations":5,"layersSize":300,"learningRate":0.025,"learningRateDecayWords":0,"minLearningRate":1.0E-4,"minWordFrequency":200,"negative":0.0,"sampling":0.0,"scavengerActivationThreshold":2000000,"scavengerRetentionDelay":3,"seed":0,"sequenceLearningAlgorithm":null,"stop":"STOP","stopList":[],"unk":"UNK","useAdaGrad":false,"vocabSize":14253,"window":3}

2016-12-03 17:41:02,301 - [ERROR] - from org.hibernate.engine.jdbc.spi.SqlExceptionHelper in AWT-EventQueue-0
                
[SQLITE_CONSTRAINT]  Abort due to constraint violation (column str_conceito is not unique)

2016-12-03 17:41:02,320 - [ERROR] - from org.hibernate.internal.SessionImpl in AWT-EventQueue-0
                
HHH000346: Error during managed flush [could not execute statement]

2016-12-03 20:58:58,380 - [INFO] - from org.deeplearning4j.models.embeddings.loader.WordVectorSerializer in Timer-0
                
Word2Vec conf. JSON: {"batchSize":100,"elementsLearningAlgorithm":null,"epochs":1,"hugeModelExpected":false,"iterations":5,"layersSize":300,"learningRate":0.025,"learningRateDecayWords":0,"minLearningRate":1.0E-4,"minWordFrequency":200,"negative":0.0,"sampling":0.0,"scavengerActivationThreshold":2000000,"scavengerRetentionDelay":3,"seed":0,"sequenceLearningAlgorithm":null,"stop":"STOP","stopList":[],"unk":"UNK","useAdaGrad":false,"vocabSize":14253,"window":3}

2016-12-03 21:55:29,540 - [INFO] - from org.deeplearning4j.models.embeddings.loader.WordVectorSerializer in Timer-0
                
Word2Vec conf. JSON: {"batchSize":100,"elementsLearningAlgorithm":null,"epochs":1,"hugeModelExpected":false,"iterations":5,"layersSize":300,"learningRate":0.025,"learningRateDecayWords":0,"minLearningRate":1.0E-4,"minWordFrequency":200,"negative":0.0,"sampling":0.0,"scavengerActivationThreshold":2000000,"scavengerRetentionDelay":3,"seed":0,"sequenceLearningAlgorithm":null,"stop":"STOP","stopList":[],"unk":"UNK","useAdaGrad":false,"vocabSize":14253,"window":3}

2016-12-03 21:56:43,094 - [INFO] - from org.deeplearning4j.models.embeddings.loader.WordVectorSerializer in Timer-0
                
Word2Vec conf. JSON: {"batchSize":100,"elementsLearningAlgorithm":null,"epochs":1,"hugeModelExpected":false,"iterations":5,"layersSize":300,"learningRate":0.025,"learningRateDecayWords":0,"minLearningRate":1.0E-4,"minWordFrequency":200,"negative":0.0,"sampling":0.0,"scavengerActivationThreshold":2000000,"scavengerRetentionDelay":3,"seed":0,"sequenceLearningAlgorithm":null,"stop":"STOP","stopList":[],"unk":"UNK","useAdaGrad":false,"vocabSize":14253,"window":3}

2016-12-03 22:02:08,109 - [INFO] - from org.deeplearning4j.models.embeddings.loader.WordVectorSerializer in Timer-0
                
Word2Vec conf. JSON: {"batchSize":100,"elementsLearningAlgorithm":null,"epochs":1,"hugeModelExpected":false,"iterations":5,"layersSize":300,"learningRate":0.025,"learningRateDecayWords":0,"minLearningRate":1.0E-4,"minWordFrequency":200,"negative":0.0,"sampling":0.0,"scavengerActivationThreshold":2000000,"scavengerRetentionDelay":3,"seed":0,"sequenceLearningAlgorithm":null,"stop":"STOP","stopList":[],"unk":"UNK","useAdaGrad":false,"vocabSize":14253,"window":3}

2016-12-03 22:26:14,457 - [INFO] - from org.deeplearning4j.models.embeddings.loader.WordVectorSerializer in Timer-0
                
Word2Vec conf. JSON: {"batchSize":100,"elementsLearningAlgorithm":null,"epochs":1,"hugeModelExpected":false,"iterations":5,"layersSize":300,"learningRate":0.025,"learningRateDecayWords":0,"minLearningRate":1.0E-4,"minWordFrequency":200,"negative":0.0,"sampling":0.0,"scavengerActivationThreshold":2000000,"scavengerRetentionDelay":3,"seed":0,"sequenceLearningAlgorithm":null,"stop":"STOP","stopList":[],"unk":"UNK","useAdaGrad":false,"vocabSize":14253,"window":3}

2016-12-03 22:50:09,765 - [INFO] - from org.deeplearning4j.models.embeddings.loader.WordVectorSerializer in Timer-0
                
Word2Vec conf. JSON: {"batchSize":100,"elementsLearningAlgorithm":null,"epochs":1,"hugeModelExpected":false,"iterations":5,"layersSize":300,"learningRate":0.025,"learningRateDecayWords":0,"minLearningRate":1.0E-4,"minWordFrequency":200,"negative":0.0,"sampling":0.0,"scavengerActivationThreshold":2000000,"scavengerRetentionDelay":3,"seed":0,"sequenceLearningAlgorithm":null,"stop":"STOP","stopList":[],"unk":"UNK","useAdaGrad":false,"vocabSize":14253,"window":3}

2016-12-03 22:56:20,453 - [INFO] - from org.deeplearning4j.models.embeddings.loader.WordVectorSerializer in Timer-0
                
Word2Vec conf. JSON: {"batchSize":100,"elementsLearningAlgorithm":null,"epochs":1,"hugeModelExpected":false,"iterations":5,"layersSize":300,"learningRate":0.025,"learningRateDecayWords":0,"minLearningRate":1.0E-4,"minWordFrequency":200,"negative":0.0,"sampling":0.0,"scavengerActivationThreshold":2000000,"scavengerRetentionDelay":3,"seed":0,"sequenceLearningAlgorithm":null,"stop":"STOP","stopList":[],"unk":"UNK","useAdaGrad":false,"vocabSize":14253,"window":3}

2016-12-03 22:59:08,629 - [INFO] - from org.deeplearning4j.models.embeddings.loader.WordVectorSerializer in Timer-0
                
Word2Vec conf. JSON: {"batchSize":100,"elementsLearningAlgorithm":null,"epochs":1,"hugeModelExpected":false,"iterations":5,"layersSize":300,"learningRate":0.025,"learningRateDecayWords":0,"minLearningRate":1.0E-4,"minWordFrequency":200,"negative":0.0,"sampling":0.0,"scavengerActivationThreshold":2000000,"scavengerRetentionDelay":3,"seed":0,"sequenceLearningAlgorithm":null,"stop":"STOP","stopList":[],"unk":"UNK","useAdaGrad":false,"vocabSize":14253,"window":3}

